<?xml version="1.0" encoding="UTF-8"?>
<testsuite xmlns:xsi="http://www.w3.org/2001/XMLSchema-instance" xsi:noNamespaceSchemaLocation="https://maven.apache.org/surefire/maven-surefire-plugin/xsd/surefire-test-report.xsd" name="de.freerider.application.FreeriderApplicationTest" time="1.434" tests="3" errors="0" skipped="0" failures="0">
  <properties>
[...]
</properties>
  <testcase name="test_100" classname="de.freerider.application.FreeriderApplicationTest" time="0.121"/>
  <testcase name="test_200" classname="de.freerider.application.FreeriderApplicationTest" time="0.002"/>
  <testcase name="test_300" classname="de.freerider.application.FreeriderApplicationTest" time="0.001"/>
</testsuite>